Using pre-set license
Built from '2020.3/staging' branch; Version is '2020.3.5f1 (8095aa901b9b) revision 8426922'; Using compiler version '192528614'; Build Type 'Release'
OS: 'Windows 10 Education; OS build 19042.508; Version 2009; 64bit' Language: 'en' Physical Memory: 32593 MB
BatchMode: 1, IsHumanControllingUs: 0, StartBugReporterOnCrash: 0, Is64bit: 1, IsPro: 0

 COMMAND LINE ARGUMENTS:
C:\Program Files\Unity\Hub\Editor\2020.3.5f1\Editor\Unity.exe
-adb2
-batchMode
-noUpm
-name
AssetImportWorker0
-projectPath
C:/Users/s218033/source/repos/UnityAnimationExercise
-logFile
Logs/AssetImportWorker0.log
-srvPort
64485
Successfully changed project path to: C:/Users/s218033/source/repos/UnityAnimationExercise
C:/Users/s218033/source/repos/UnityAnimationExercise
Using Asset Import Pipeline V2.
Refreshing native plugins compatible for Editor in 24.92 ms, found 0 plugins.
Preloading 0 native plugins for Editor in 0.00 ms.
Initialize engine version: 2020.3.5f1 (8095aa901b9b)
[Subsystems] Discovering subsystems at path C:/Program Files/Unity/Hub/Editor/2020.3.5f1/Editor/Data/Resources/UnitySubsystems
[Subsystems] Discovering subsystems at path C:/Users/s218033/source/repos/UnityAnimationExercise/Assets
GfxDevice: creating device client; threaded=0
Direct3D:
    Version:  Direct3D 11.0 [level 11.1]
    Renderer: NVIDIA GeForce GTX 960 (ID=0x1401)
    Vendor:   
    VRAM:     2007 MB
    Driver:   27.21.14.5698
Initialize mono
Mono path[0] = 'C:/Program Files/Unity/Hub/Editor/2020.3.5f1/Editor/Data/Managed'
Mono path[1] = 'C:/Program Files/Unity/Hub/Editor/2020.3.5f1/Editor/Data/MonoBleedingEdge/lib/mono/unityjit'
Mono config path = 'C:/Program Files/Unity/Hub/Editor/2020.3.5f1/Editor/Data/MonoBleedingEdge/etc'
Using monoOptions --debugger-agent=transport=dt_socket,embedding=1,server=y,suspend=n,address=127.0.0.1:56688
Begin MonoManager ReloadAssembly
Registering precompiled unity dll's ...
Register platform support module: C:/Program Files/Unity/Hub/Editor/2020.3.5f1/Editor/Data/PlaybackEngines/WebGLSupport/UnityEditor.WebGL.Extensions.dll
Register platform support module: C:/Program Files/Unity/Hub/Editor/2020.3.5f1/Editor/Data/PlaybackEngines/WindowsStandaloneSupport/UnityEditor.WindowsStandalone.Extensions.dll
Registered in 0.002503 seconds.
Native extension for WindowsStandalone target not found
Native extension for WebGL target not found
Refreshing native plugins compatible for Editor in 25.17 ms, found 0 plugins.
Preloading 0 native plugins for Editor in 0.00 ms.
Mono: successfully reloaded assembly
- Completed reload, in  1.528 seconds
Platform modules already initialized, skipping
Registering precompiled user dll's ...
Registered in 0.000666 seconds.
Begin MonoManager ReloadAssembly
Native extension for WindowsStandalone target not found
Native extension for WebGL target not found
Refreshing native plugins compatible for Editor in 0.25 ms, found 0 plugins.
Preloading 0 native plugins for Editor in 0.00 ms.
Mono: successfully reloaded assembly
- Completed reload, in  0.960 seconds
Platform modules already initialized, skipping
========================================================================
Worker process is ready to serve import requests
Launched and connected shader compiler UnityShaderCompiler.exe after 0.04 seconds
Refreshing native plugins compatible for Editor in 0.24 ms, found 0 plugins.
Preloading 0 native plugins for Editor in 0.00 ms.
Unloading 1116 Unused Serialized files (Serialized files now loaded: 0)
System memory in use before: 57.1 MB.
System memory in use after: 57.1 MB.

Unloading 9 unused Assets to reduce memory usage. Loaded Objects now: 1560.
Total: 1.896500 ms (FindLiveObjects: 0.141600 ms CreateObjectMapping: 0.043700 ms MarkObjects: 1.582900 ms  DeleteObjects: 0.127200 ms)

========================================================================
Received Import Request.
  path: Assets/Characters/Player.prefab
  artifactKey: Guid(76dcaaf71c762644dad84095ea7545f6) Importer(815301076,1909f56bfc062723c751e8b465ee728b)
Start importing Assets/Characters/Player.prefab using Guid(76dcaaf71c762644dad84095ea7545f6) Importer(815301076,1909f56bfc062723c751e8b465ee728b)  -> (artifact id: '34ee10dbe179a44613b3447028295d65') in 0.116784 seconds
  Import took 0.119339 seconds .

========================================================================
Received Import Request.
  Time since last request: 17.474766 seconds.
  path: Assets/Animations/Falling Idle.fbx
  artifactKey: Guid(177d9ec1e09a38948ad1e81e05354067) Importer(815301076,1909f56bfc062723c751e8b465ee728b)
Start importing Assets/Animations/Falling Idle.fbx using Guid(177d9ec1e09a38948ad1e81e05354067) Importer(815301076,1909f56bfc062723c751e8b465ee728b)  -> (artifact id: 'a0a598774355d6816e553a17adeeccc6') in 0.266520 seconds
  Import took 0.269448 seconds .

========================================================================
Received Import Request.
  Time since last request: 0.000186 seconds.
  path: Assets/Animations/ybot.fbx
  artifactKey: Guid(eb46073a30216344ab1565120ea9bd9e) Importer(815301076,1909f56bfc062723c751e8b465ee728b)
Start importing Assets/Animations/ybot.fbx using Guid(eb46073a30216344ab1565120ea9bd9e) Importer(815301076,1909f56bfc062723c751e8b465ee728b)  -> (artifact id: 'e660cb7b1135a358f465d15a118d10da') in 0.053961 seconds
  Import took 0.057169 seconds .

========================================================================
Received Import Request.
  Time since last request: 0.000202 seconds.
  path: Assets/Animations/Running.fbx
  artifactKey: Guid(6717ae6fff9c37b4bb151239e07ef9cb) Importer(815301076,1909f56bfc062723c751e8b465ee728b)
Start importing Assets/Animations/Running.fbx using Guid(6717ae6fff9c37b4bb151239e07ef9cb) Importer(815301076,1909f56bfc062723c751e8b465ee728b)  -> (artifact id: '74e7c75274b31fb9ce54d103b19cf6e2') in 0.053902 seconds
  Import took 0.056438 seconds .

========================================================================
Received Import Request.
  Time since last request: 0.000199 seconds.
  path: Assets/Animations/Wave Hip Hop Dance.fbx
  artifactKey: Guid(23a2f8c7302143c418a2ed641640a8c7) Importer(815301076,1909f56bfc062723c751e8b465ee728b)
Start importing Assets/Animations/Wave Hip Hop Dance.fbx using Guid(23a2f8c7302143c418a2ed641640a8c7) Importer(815301076,1909f56bfc062723c751e8b465ee728b)  -> (artifact id: '2edc0925ef4c281ae3eb2080ce1dc586') in 0.078862 seconds
  Import took 0.081560 seconds .

========================================================================
Received Import Request.
  Time since last request: 0.000204 seconds.
  path: Assets/Animations/Idle.fbx
  artifactKey: Guid(bd1b0f11dea246748993a662877a1305) Importer(815301076,1909f56bfc062723c751e8b465ee728b)
Start importing Assets/Animations/Idle.fbx using Guid(bd1b0f11dea246748993a662877a1305) Importer(815301076,1909f56bfc062723c751e8b465ee728b)  -> (artifact id: '126776c06a041813aef007ff3dd178b8') in 0.052736 seconds
  Import took 0.055071 seconds .

========================================================================
Received Import Request.
  Time since last request: 0.000201 seconds.
  path: Assets/Animations/Walking.fbx
  artifactKey: Guid(08054867c601e1e418c4725074b15b31) Importer(815301076,1909f56bfc062723c751e8b465ee728b)
Start importing Assets/Animations/Walking.fbx using Guid(08054867c601e1e418c4725074b15b31) Importer(815301076,1909f56bfc062723c751e8b465ee728b)  -> (artifact id: '114516d1fcad32dbf0603df688b38853') in 0.058600 seconds
  Import took 0.060973 seconds .

========================================================================
Received Prepare
Refreshing native plugins compatible for Editor in 0.81 ms, found 0 plugins.
Preloading 0 native plugins for Editor in 0.00 ms.
Unloading 3 Unused Serialized files (Serialized files now loaded: 0)
System memory in use before: 52.5 MB.
System memory in use after: 52.6 MB.

Unloading 3 unused Assets to reduce memory usage. Loaded Objects now: 1605.
Total: 2.886400 ms (FindLiveObjects: 0.171600 ms CreateObjectMapping: 0.044500 ms MarkObjects: 2.643500 ms  DeleteObjects: 0.025000 ms)

========================================================================
Received Import Request.
  Time since last request: 187.073288 seconds.
  path: Assets/Characters/Player.prefab
  artifactKey: Guid(76dcaaf71c762644dad84095ea7545f6) Importer(815301076,1909f56bfc062723c751e8b465ee728b)
Start importing Assets/Characters/Player.prefab using Guid(76dcaaf71c762644dad84095ea7545f6) Importer(815301076,1909f56bfc062723c751e8b465ee728b)  -> (artifact id: 'c02ded085dcd0ffe5ec11ccfb38057f6') in 0.018712 seconds
  Import took 0.021713 seconds .

========================================================================
Received Import Request.
  Time since last request: 1.949406 seconds.
  path: Assets/Animations
  artifactKey: Guid(87a3e30560171ab4badc68f7f83e954c) Importer(815301076,1909f56bfc062723c751e8b465ee728b)
Start importing Assets/Animations using Guid(87a3e30560171ab4badc68f7f83e954c) Importer(815301076,1909f56bfc062723c751e8b465ee728b)  -> (artifact id: 'de11182d51aeac3a132b61d7747939f4') in 0.007225 seconds
  Import took 0.009956 seconds .

========================================================================
Received Prepare
Registering precompiled user dll's ...
Registered in 0.001220 seconds.
Begin MonoManager ReloadAssembly
Native extension for WindowsStandalone target not found
Native extension for WebGL target not found
Refreshing native plugins compatible for Editor in 0.27 ms, found 0 plugins.
Preloading 0 native plugins for Editor in 0.00 ms.
Mono: successfully reloaded assembly
- Completed reload, in  0.923 seconds
Platform modules already initialized, skipping
Refreshing native plugins compatible for Editor in 0.25 ms, found 0 plugins.
Preloading 0 native plugins for Editor in 0.00 ms.
Unloading 1111 Unused Serialized files (Serialized files now loaded: 0)
System memory in use before: 74.2 MB.
System memory in use after: 74.3 MB.

Unloading 4 unused Assets to reduce memory usage. Loaded Objects now: 1608.
Total: 1.662400 ms (FindLiveObjects: 0.140900 ms CreateObjectMapping: 0.041600 ms MarkObjects: 1.464400 ms  DeleteObjects: 0.014100 ms)

========================================================================
Received Import Request.
  Time since last request: 64.554392 seconds.
  path: Assets/Animations/YBot_AC.controller
  artifactKey: Guid(bb4478c64248fb142af75733d2e6e2ad) Importer(815301076,1909f56bfc062723c751e8b465ee728b)
Start importing Assets/Animations/YBot_AC.controller using Guid(bb4478c64248fb142af75733d2e6e2ad) Importer(815301076,1909f56bfc062723c751e8b465ee728b)  -> (artifact id: '02797444d396411219a2a2adaf5b74e6') in 0.018971 seconds
  Import took 0.021565 seconds .

========================================================================
Received Prepare
Registering precompiled user dll's ...
Registered in 0.000764 seconds.
Begin MonoManager ReloadAssembly
Native extension for WindowsStandalone target not found
Native extension for WebGL target not found
Refreshing native plugins compatible for Editor in 0.32 ms, found 0 plugins.
Preloading 0 native plugins for Editor in 0.00 ms.
Mono: successfully reloaded assembly
- Completed reload, in  0.908 seconds
Platform modules already initialized, skipping
Refreshing native plugins compatible for Editor in 0.25 ms, found 0 plugins.
Preloading 0 native plugins for Editor in 0.00 ms.
Unloading 1111 Unused Serialized files (Serialized files now loaded: 0)
System memory in use before: 74.2 MB.
System memory in use after: 74.3 MB.

Unloading 4 unused Assets to reduce memory usage. Loaded Objects now: 1611.
Total: 1.785300 ms (FindLiveObjects: 0.270300 ms CreateObjectMapping: 0.047300 ms MarkObjects: 1.451600 ms  DeleteObjects: 0.014300 ms)

========================================================================
Received Import Request.
  Time since last request: 1659.395665 seconds.
  path: Assets/Scripts
  artifactKey: Guid(cfa883d2975120245818bceab41a3eab) Importer(815301076,1909f56bfc062723c751e8b465ee728b)
Start importing Assets/Scripts using Guid(cfa883d2975120245818bceab41a3eab) Importer(815301076,1909f56bfc062723c751e8b465ee728b)  -> (artifact id: '4409f8563806e257b297e254a90515e7') in 0.010371 seconds
  Import took 0.013281 seconds .

========================================================================
Received Import Request.
  Time since last request: 0.000821 seconds.
  path: Assets/Scripts
  artifactKey: Guid(cfa883d2975120245818bceab41a3eab) Importer(815301076,1909f56bfc062723c751e8b465ee728b)
Start importing Assets/Scripts using Guid(cfa883d2975120245818bceab41a3eab) Importer(815301076,1909f56bfc062723c751e8b465ee728b)  -> (artifact id: '4409f8563806e257b297e254a90515e7') in 0.002418 seconds
  Import took 0.004782 seconds .

========================================================================
Received Prepare
Registering precompiled user dll's ...
Registered in 0.000714 seconds.
Begin MonoManager ReloadAssembly
Native extension for WindowsStandalone target not found
Native extension for WebGL target not found
Refreshing native plugins compatible for Editor in 0.26 ms, found 0 plugins.
Preloading 0 native plugins for Editor in 0.00 ms.
Mono: successfully reloaded assembly
- Completed reload, in  0.959 seconds
Platform modules already initialized, skipping
Refreshing native plugins compatible for Editor in 0.25 ms, found 0 plugins.
Preloading 0 native plugins for Editor in 0.00 ms.
Unloading 1112 Unused Serialized files (Serialized files now loaded: 0)
System memory in use before: 74.3 MB.
System memory in use after: 74.4 MB.

Unloading 4 unused Assets to reduce memory usage. Loaded Objects now: 1615.
Total: 1.752900 ms (FindLiveObjects: 0.160200 ms CreateObjectMapping: 0.046300 ms MarkObjects: 1.530800 ms  DeleteObjects: 0.014300 ms)

========================================================================
Received Import Request.
  Time since last request: 16.230850 seconds.
  path: Assets/Scripts/PlayerAnimationBehavior.cs
  artifactKey: Guid(6d5c6ab09d89a0e498937a83af74b731) Importer(815301076,1909f56bfc062723c751e8b465ee728b)
Start importing Assets/Scripts/PlayerAnimationBehavior.cs using Guid(6d5c6ab09d89a0e498937a83af74b731) Importer(815301076,1909f56bfc062723c751e8b465ee728b)  -> (artifact id: '2149588508c5dd7c9d41a6c1b3136a27') in 0.012439 seconds
  Import took 0.015107 seconds .

========================================================================
Received Prepare
Registering precompiled user dll's ...
Registered in 0.000597 seconds.
Begin MonoManager ReloadAssembly
Native extension for WindowsStandalone target not found
Native extension for WebGL target not found
Refreshing native plugins compatible for Editor in 0.25 ms, found 0 plugins.
Preloading 0 native plugins for Editor in 0.00 ms.
Mono: successfully reloaded assembly
- Completed reload, in  0.913 seconds
Platform modules already initialized, skipping
Refreshing native plugins compatible for Editor in 0.25 ms, found 0 plugins.
Preloading 0 native plugins for Editor in 0.00 ms.
Unloading 1112 Unused Serialized files (Serialized files now loaded: 0)
System memory in use before: 74.3 MB.
System memory in use after: 74.4 MB.

Unloading 4 unused Assets to reduce memory usage. Loaded Objects now: 1618.
Total: 1.627800 ms (FindLiveObjects: 0.151500 ms CreateObjectMapping: 0.042100 ms MarkObjects: 1.420300 ms  DeleteObjects: 0.012700 ms)

========================================================================
Received Prepare
Registering precompiled user dll's ...
Registered in 0.000706 seconds.
Begin MonoManager ReloadAssembly
Native extension for WindowsStandalone target not found
Native extension for WebGL target not found
Refreshing native plugins compatible for Editor in 0.26 ms, found 0 plugins.
Preloading 0 native plugins for Editor in 0.00 ms.
Mono: successfully reloaded assembly
- Completed reload, in  0.930 seconds
Platform modules already initialized, skipping
Refreshing native plugins compatible for Editor in 0.26 ms, found 0 plugins.
Preloading 0 native plugins for Editor in 0.00 ms.
Unloading 1112 Unused Serialized files (Serialized files now loaded: 0)
System memory in use before: 74.3 MB.
System memory in use after: 74.4 MB.

Unloading 4 unused Assets to reduce memory usage. Loaded Objects now: 1621.
Total: 1.860700 ms (FindLiveObjects: 0.174600 ms CreateObjectMapping: 0.060900 ms MarkObjects: 1.607200 ms  DeleteObjects: 0.016300 ms)

========================================================================
Received Import Request.
  Time since last request: 381.944719 seconds.
  path: Assets/Scripts/PlayerAnimationBehavior.cs
  artifactKey: Guid(6d5c6ab09d89a0e498937a83af74b731) Importer(815301076,1909f56bfc062723c751e8b465ee728b)
Start importing Assets/Scripts/PlayerAnimationBehavior.cs using Guid(6d5c6ab09d89a0e498937a83af74b731) Importer(815301076,1909f56bfc062723c751e8b465ee728b)  -> (artifact id: 'a019591d6b4da46745d7e8a33e77926f') in 0.005069 seconds
  Import took 0.007904 seconds .

========================================================================
Received Import Request.
  Time since last request: 4.061621 seconds.
  path: Assets/Characters/Player.prefab
  artifactKey: Guid(76dcaaf71c762644dad84095ea7545f6) Importer(815301076,1909f56bfc062723c751e8b465ee728b)
Start importing Assets/Characters/Player.prefab using Guid(76dcaaf71c762644dad84095ea7545f6) Importer(815301076,1909f56bfc062723c751e8b465ee728b) The Animator Controller (YBot_AC) you have used is not valid. Animations will not play
UnityEngine.StackTraceUtility:ExtractStackTrace ()
UnityEditor.EditorUtility:Internal_InstantiateRemoveAllNonAnimationComponentsSingle (UnityEngine.Object,UnityEngine.Vector3,UnityEngine.Quaternion)
UnityEditor.EditorUtility:InstantiateRemoveAllNonAnimationComponents (UnityEngine.Object,UnityEngine.Vector3,UnityEngine.Quaternion)
UnityEditor.EditorUtility:InstantiateForAnimatorPreview (UnityEngine.Object)
UnityEditor.GameObjectInspector/PreviewData:UpdateGameObject (UnityEngine.Object)
UnityEditor.GameObjectInspector/PreviewData:.ctor (UnityEngine.Object)
UnityEditor.GameObjectInspector:GetPreviewData ()
UnityEditor.GameObjectInspector:RenderStaticPreview (string,UnityEngine.Object[],int,int)
UnityEditor.AssetPreviewUpdater:CreatePreviewForAsset (UnityEngine.Object,UnityEngine.Object[],string)

[C:\buildslave\unity\build\Modules/Animation/Director/AnimatorControllerPlayable.cpp line 333]

The Animator Controller (YBot_AC) you have used is not valid. Animations will not play
UnityEngine.StackTraceUtility:ExtractStackTrace ()
UnityEditor.EditorUtility:InitInstantiatedPreviewRecursive (UnityEngine.GameObject)
UnityEditor.EditorUtility:InstantiateForAnimatorPreview (UnityEngine.Object)
UnityEditor.GameObjectInspector/PreviewData:UpdateGameObject (UnityEngine.Object)
UnityEditor.GameObjectInspector/PreviewData:.ctor (UnityEngine.Object)
UnityEditor.GameObjectInspector:GetPreviewData ()
UnityEditor.GameObjectInspector:RenderStaticPreview (string,UnityEngine.Object[],int,int)
UnityEditor.AssetPreviewUpdater:CreatePreviewForAsset (UnityEngine.Object,UnityEngine.Object[],string)

[C:\buildslave\unity\build\Modules/Animation/Director/AnimatorControllerPlayable.cpp line 333]

 -> (artifact id: '5c85486c8281a0080ad889bc0c1fb27a') in 0.071847 seconds
  Import took 0.074717 seconds .

========================================================================
Received Import Request.
  Time since last request: 24.658580 seconds.
  path: Assets/Characters/Player.prefab
  artifactKey: Guid(76dcaaf71c762644dad84095ea7545f6) Importer(815301076,1909f56bfc062723c751e8b465ee728b)
Start importing Assets/Characters/Player.prefab using Guid(76dcaaf71c762644dad84095ea7545f6) Importer(815301076,1909f56bfc062723c751e8b465ee728b) The Animator Controller (YBot_AC) you have used is not valid. Animations will not play
UnityEngine.StackTraceUtility:ExtractStackTrace ()
UnityEditor.EditorUtility:Internal_InstantiateRemoveAllNonAnimationComponentsSingle (UnityEngine.Object,UnityEngine.Vector3,UnityEngine.Quaternion)
UnityEditor.EditorUtility:InstantiateRemoveAllNonAnimationComponents (UnityEngine.Object,UnityEngine.Vector3,UnityEngine.Quaternion)
UnityEditor.EditorUtility:InstantiateForAnimatorPreview (UnityEngine.Object)
UnityEditor.GameObjectInspector/PreviewData:UpdateGameObject (UnityEngine.Object)
UnityEditor.GameObjectInspector/PreviewData:.ctor (UnityEngine.Object)
UnityEditor.GameObjectInspector:GetPreviewData ()
UnityEditor.GameObjectInspector:RenderStaticPreview (string,UnityEngine.Object[],int,int)
UnityEditor.AssetPreviewUpdater:CreatePreviewForAsset (UnityEngine.Object,UnityEngine.Object[],string)

[C:\buildslave\unity\build\Modules/Animation/Director/AnimatorControllerPlayable.cpp line 333]

The Animator Controller (YBot_AC) you have used is not valid. Animations will not play
UnityEngine.StackTraceUtility:ExtractStackTrace ()
UnityEditor.EditorUtility:InitInstantiatedPreviewRecursive (UnityEngine.GameObject)
UnityEditor.EditorUtility:InstantiateForAnimatorPreview (UnityEngine.Object)
UnityEditor.GameObjectInspector/PreviewData:UpdateGameObject (UnityEngine.Object)
UnityEditor.GameObjectInspector/PreviewData:.ctor (UnityEngine.Object)
UnityEditor.GameObjectInspector:GetPreviewData ()
UnityEditor.GameObjectInspector:RenderStaticPreview (string,UnityEngine.Object[],int,int)
UnityEditor.AssetPreviewUpdater:CreatePreviewForAsset (UnityEngine.Object,UnityEngine.Object[],string)

[C:\buildslave\unity\build\Modules/Animation/Director/AnimatorControllerPlayable.cpp line 333]

 -> (artifact id: 'b3cc9c30ec0abe57af170adf8e70749a') in 0.019924 seconds
  Import took 0.023168 seconds .

========================================================================
Received Import Request.
  Time since last request: 6.234122 seconds.
  path: Assets/Characters/Player.prefab
  artifactKey: Guid(76dcaaf71c762644dad84095ea7545f6) Importer(815301076,1909f56bfc062723c751e8b465ee728b)
Start importing Assets/Characters/Player.prefab using Guid(76dcaaf71c762644dad84095ea7545f6) Importer(815301076,1909f56bfc062723c751e8b465ee728b) The Animator Controller (YBot_AC) you have used is not valid. Animations will not play
UnityEngine.StackTraceUtility:ExtractStackTrace ()
UnityEditor.EditorUtility:Internal_InstantiateRemoveAllNonAnimationComponentsSingle (UnityEngine.Object,UnityEngine.Vector3,UnityEngine.Quaternion)
UnityEditor.EditorUtility:InstantiateRemoveAllNonAnimationComponents (UnityEngine.Object,UnityEngine.Vector3,UnityEngine.Quaternion)
UnityEditor.EditorUtility:InstantiateForAnimatorPreview (UnityEngine.Object)
UnityEditor.GameObjectInspector/PreviewData:UpdateGameObject (UnityEngine.Object)
UnityEditor.GameObjectInspector/PreviewData:.ctor (UnityEngine.Object)
UnityEditor.GameObjectInspector:GetPreviewData ()
UnityEditor.GameObjectInspector:RenderStaticPreview (string,UnityEngine.Object[],int,int)
UnityEditor.AssetPreviewUpdater:CreatePreviewForAsset (UnityEngine.Object,UnityEngine.Object[],string)

[C:\buildslave\unity\build\Modules/Animation/Director/AnimatorControllerPlayable.cpp line 333]

The Animator Controller (YBot_AC) you have used is not valid. Animations will not play
UnityEngine.StackTraceUtility:ExtractStackTrace ()
UnityEditor.EditorUtility:InitInstantiatedPreviewRecursive (UnityEngine.GameObject)
UnityEditor.EditorUtility:InstantiateForAnimatorPreview (UnityEngine.Object)
UnityEditor.GameObjectInspector/PreviewData:UpdateGameObject (UnityEngine.Object)
UnityEditor.GameObjectInspector/PreviewData:.ctor (UnityEngine.Object)
UnityEditor.GameObjectInspector:GetPreviewData ()
UnityEditor.GameObjectInspector:RenderStaticPreview (string,UnityEngine.Object[],int,int)
UnityEditor.AssetPreviewUpdater:CreatePreviewForAsset (UnityEngine.Object,UnityEngine.Object[],string)

[C:\buildslave\unity\build\Modules/Animation/Director/AnimatorControllerPlayable.cpp line 333]

 -> (artifact id: '3324c0a74596b67d7ed3439600c8e0ba') in 0.018123 seconds
  Import took 0.021329 seconds .

========================================================================
Received Prepare
Registering precompiled user dll's ...
Registered in 0.000720 seconds.
Begin MonoManager ReloadAssembly
Native extension for WindowsStandalone target not found
Native extension for WebGL target not found
Refreshing native plugins compatible for Editor in 0.27 ms, found 0 plugins.
Preloading 0 native plugins for Editor in 0.00 ms.
Mono: successfully reloaded assembly
- Completed reload, in  0.945 seconds
Platform modules already initialized, skipping
Refreshing native plugins compatible for Editor in 0.25 ms, found 0 plugins.
Preloading 0 native plugins for Editor in 0.00 ms.
Unloading 1112 Unused Serialized files (Serialized files now loaded: 0)
System memory in use before: 74.5 MB.
System memory in use after: 74.6 MB.

Unloading 4 unused Assets to reduce memory usage. Loaded Objects now: 1625.
Total: 1.650700 ms (FindLiveObjects: 0.142600 ms CreateObjectMapping: 0.041800 ms MarkObjects: 1.451000 ms  DeleteObjects: 0.014200 ms)

========================================================================
Received Prepare
Registering precompiled user dll's ...
Registered in 0.000764 seconds.
Begin MonoManager ReloadAssembly
Native extension for WindowsStandalone target not found
Native extension for WebGL target not found
Refreshing native plugins compatible for Editor in 0.27 ms, found 0 plugins.
Preloading 0 native plugins for Editor in 0.00 ms.
Mono: successfully reloaded assembly
- Completed reload, in  0.886 seconds
Platform modules already initialized, skipping
Refreshing native plugins compatible for Editor in 0.25 ms, found 0 plugins.
Preloading 0 native plugins for Editor in 0.00 ms.
Unloading 1112 Unused Serialized files (Serialized files now loaded: 0)
System memory in use before: 74.5 MB.
System memory in use after: 74.6 MB.

Unloading 4 unused Assets to reduce memory usage. Loaded Objects now: 1628.
Total: 1.659900 ms (FindLiveObjects: 0.149500 ms CreateObjectMapping: 0.041200 ms MarkObjects: 1.437500 ms  DeleteObjects: 0.030000 ms)

========================================================================
Received Prepare
Registering precompiled user dll's ...
Registered in 0.000760 seconds.
Begin MonoManager ReloadAssembly
Native extension for WindowsStandalone target not found
Native extension for WebGL target not found
Refreshing native plugins compatible for Editor in 0.28 ms, found 0 plugins.
Preloading 0 native plugins for Editor in 0.00 ms.
Mono: successfully reloaded assembly
- Completed reload, in  0.914 seconds
Platform modules already initialized, skipping
Refreshing native plugins compatible for Editor in 0.27 ms, found 0 plugins.
Preloading 0 native plugins for Editor in 0.00 ms.
Unloading 1112 Unused Serialized files (Serialized files now loaded: 0)
System memory in use before: 74.5 MB.
System memory in use after: 74.6 MB.

Unloading 4 unused Assets to reduce memory usage. Loaded Objects now: 1631.
Total: 1.775100 ms (FindLiveObjects: 0.151900 ms CreateObjectMapping: 0.041700 ms MarkObjects: 1.566400 ms  DeleteObjects: 0.013600 ms)

========================================================================
Received Prepare
Registering precompiled user dll's ...
Registered in 0.000691 seconds.
Begin MonoManager ReloadAssembly
Native extension for WindowsStandalone target not found
Native extension for WebGL target not found
Refreshing native plugins compatible for Editor in 0.25 ms, found 0 plugins.
Preloading 0 native plugins for Editor in 0.00 ms.
Mono: successfully reloaded assembly
- Completed reload, in  0.917 seconds
Platform modules already initialized, skipping
Refreshing native plugins compatible for Editor in 0.25 ms, found 0 plugins.
Preloading 0 native plugins for Editor in 0.00 ms.
Unloading 1112 Unused Serialized files (Serialized files now loaded: 0)
System memory in use before: 74.5 MB.
System memory in use after: 74.6 MB.

Unloading 4 unused Assets to reduce memory usage. Loaded Objects now: 1634.
Total: 1.786100 ms (FindLiveObjects: 0.205800 ms CreateObjectMapping: 0.043100 ms MarkObjects: 1.521100 ms  DeleteObjects: 0.014800 ms)

========================================================================
Received Prepare
Registering precompiled user dll's ...
Registered in 0.001164 seconds.
Begin MonoManager ReloadAssembly
Native extension for WindowsStandalone target not found
Native extension for WebGL target not found
Refreshing native plugins compatible for Editor in 0.25 ms, found 0 plugins.
Preloading 0 native plugins for Editor in 0.00 ms.
Mono: successfully reloaded assembly
- Completed reload, in  0.918 seconds
Platform modules already initialized, skipping
Refreshing native plugins compatible for Editor in 0.27 ms, found 0 plugins.
Preloading 0 native plugins for Editor in 0.00 ms.
Unloading 1112 Unused Serialized files (Serialized files now loaded: 0)
System memory in use before: 74.5 MB.
System memory in use after: 74.6 MB.

Unloading 4 unused Assets to reduce memory usage. Loaded Objects now: 1637.
Total: 1.666300 ms (FindLiveObjects: 0.148800 ms CreateObjectMapping: 0.041800 ms MarkObjects: 1.461000 ms  DeleteObjects: 0.013200 ms)

========================================================================
Received Prepare
Registering precompiled user dll's ...
Registered in 0.000900 seconds.
Begin MonoManager ReloadAssembly
Native extension for WindowsStandalone target not found
Native extension for WebGL target not found
Refreshing native plugins compatible for Editor in 0.25 ms, found 0 plugins.
Preloading 0 native plugins for Editor in 0.00 ms.
Mono: successfully reloaded assembly
- Completed reload, in  1.087 seconds
Platform modules already initialized, skipping
Refreshing native plugins compatible for Editor in 0.25 ms, found 0 plugins.
Preloading 0 native plugins for Editor in 0.00 ms.
Unloading 1112 Unused Serialized files (Serialized files now loaded: 0)
System memory in use before: 74.5 MB.
System memory in use after: 74.6 MB.

Unloading 4 unused Assets to reduce memory usage. Loaded Objects now: 1640.
Total: 2.715700 ms (FindLiveObjects: 0.478900 ms CreateObjectMapping: 0.086200 ms MarkObjects: 2.111700 ms  DeleteObjects: 0.036600 ms)

========================================================================
Received Prepare
Registering precompiled user dll's ...
Registered in 0.000772 seconds.
Begin MonoManager ReloadAssembly
Native extension for WindowsStandalone target not found
Native extension for WebGL target not found
Refreshing native plugins compatible for Editor in 0.28 ms, found 0 plugins.
Preloading 0 native plugins for Editor in 0.00 ms.
Mono: successfully reloaded assembly
- Completed reload, in  1.002 seconds
Platform modules already initialized, skipping
Refreshing native plugins compatible for Editor in 0.25 ms, found 0 plugins.
Preloading 0 native plugins for Editor in 0.00 ms.
Unloading 1112 Unused Serialized files (Serialized files now loaded: 0)
System memory in use before: 74.5 MB.
System memory in use after: 74.6 MB.

Unloading 4 unused Assets to reduce memory usage. Loaded Objects now: 1643.
Total: 1.786200 ms (FindLiveObjects: 0.196500 ms CreateObjectMapping: 0.044600 ms MarkObjects: 1.529400 ms  DeleteObjects: 0.014300 ms)

========================================================================
Received Prepare
Registering precompiled user dll's ...
Registered in 0.000732 seconds.
Begin MonoManager ReloadAssembly
Native extension for WindowsStandalone target not found
Native extension for WebGL target not found
Refreshing native plugins compatible for Editor in 0.27 ms, found 0 plugins.
Preloading 0 native plugins for Editor in 0.00 ms.
Mono: successfully reloaded assembly
- Completed reload, in  0.880 seconds
Platform modules already initialized, skipping
Refreshing native plugins compatible for Editor in 0.27 ms, found 0 plugins.
Preloading 0 native plugins for Editor in 0.00 ms.
Unloading 1112 Unused Serialized files (Serialized files now loaded: 0)
System memory in use before: 74.5 MB.
System memory in use after: 74.6 MB.

Unloading 4 unused Assets to reduce memory usage. Loaded Objects now: 1646.
Total: 1.777900 ms (FindLiveObjects: 0.167400 ms CreateObjectMapping: 0.042000 ms MarkObjects: 1.552800 ms  DeleteObjects: 0.014200 ms)

AssetImportWorkerClient::OnTransportError - code=2 error=End of file
